/sw/arch/eb/software/QUAST/5.3.0-gfbf-2024a/bin/quast.py /home/padi4950/uppmax/efaecium_E745/results/canu/pacbio/efaecium.contigs.fasta -o /home/padi4950/uppmax/efaecium_E745/results/quast

Version: 5.3.0

System information:
  OS: Linux-5.14.0-611.41.1.el9_7.x86_64-x86_64-with-glibc2.34 (linux_64)
  Python version: 3.12.3
  CPUs number: 48

Started: 2026-04-28 10:29:14

Logging to /home/padi4950/uppmax/efaecium_E745/results/quast/quast.log
NOTICE: Maximum number of threads is set to 12 (use --threads option to set it manually)

CWD: /gorilla/home/padi4950/uppmax/efaecium_E745/results/canu/pacbio
Main parameters: 
  MODE: default, threads: 12, min contig length: 500, min alignment length: 65, min alignment IDY: 95.0, \
  ambiguity: one, min local misassembly length: 200, min extensive misassembly length: 1000

Contigs:
  Pre-processing...
  /home/padi4950/uppmax/efaecium_E745/results/canu/pacbio/efaecium.contigs.fasta ==> efaecium.contigs

2026-04-28 10:29:23
Running Basic statistics processor...
  Contig files: 
    efaecium.contigs
  Calculating N50 and L50...
    efaecium.contigs, N50 = 2763566, L50 = 1, auN = 2451863.9, Total length = 3135564, GC % = 37.79, # N's per 100 kbp =  0.00
  Drawing Nx plot...
    saved to /home/padi4950/uppmax/efaecium_E745/results/quast/basic_stats/Nx_plot.pdf
  Drawing cumulative plot...
    saved to /home/padi4950/uppmax/efaecium_E745/results/quast/basic_stats/cumulative_plot.pdf
  Drawing GC content plot...
    saved to /home/padi4950/uppmax/efaecium_E745/results/quast/basic_stats/GC_content_plot.pdf
  Drawing efaecium.contigs GC content plot...
    saved to /home/padi4950/uppmax/efaecium_E745/results/quast/basic_stats/efaecium.contigs_GC_content_plot.pdf
Done.

NOTICE: Genes are not predicted by default. Use --gene-finding or --glimmer option to enable it.

2026-04-28 10:29:28
Creating large visual summaries...
This may take a while: press Ctrl-C to skip this step..
  1 of 2: Creating PDF with all tables and plots...
  2 of 2: Creating Icarus viewers...
Done

2026-04-28 10:29:28
RESULTS:
  Text versions of total report are saved to /home/padi4950/uppmax/efaecium_E745/results/quast/report.txt, report.tsv, and report.tex
  Text versions of transposed total report are saved to /home/padi4950/uppmax/efaecium_E745/results/quast/transposed_report.txt, transposed_report.tsv, and transposed_report.tex
  HTML version (interactive tables and plots) is saved to /home/padi4950/uppmax/efaecium_E745/results/quast/report.html
  PDF version (tables and plots) is saved to /home/padi4950/uppmax/efaecium_E745/results/quast/report.pdf
  Icarus (contig browser) is saved to /home/padi4950/uppmax/efaecium_E745/results/quast/icarus.html
  Log is saved to /home/padi4950/uppmax/efaecium_E745/results/quast/quast.log

Finished: 2026-04-28 10:29:28
Elapsed time: 0:00:13.974521
NOTICEs: 2; WARNINGs: 0; non-fatal ERRORs: 0

Thank you for using QUAST!
