/sw/arch/eb/software/QUAST/5.3.0-gfbf-2024a/bin/quast.py results/canu/efaecium.contigs.fasta results/spades/contigs.fasta -o /home/padi4950/uppmax/efaecium_E745/results/quast/illumina

Version: 5.3.0

System information:
  OS: Linux-5.14.0-611.54.1.el9_7.x86_64-x86_64-with-glibc2.34 (linux_64)
  Python version: 3.12.3
  CPUs number: 96

Started: 2026-05-11 11:27:14

Logging to /home/padi4950/uppmax/efaecium_E745/results/quast/illumina/quast.log
NOTICE: Maximum number of threads is set to 24 (use --threads option to set it manually)

CWD: /gorilla/home/padi4950/uppmax/efaecium_E745
Main parameters: 
  MODE: default, threads: 24, min contig length: 500, min alignment length: 65, min alignment IDY: 95.0, \
  ambiguity: one, min local misassembly length: 200, min extensive misassembly length: 1000

Contigs:
  Pre-processing...
  1  results/canu/efaecium.contigs.fasta ==> efaecium.contigs
  2  results/spades/contigs.fasta ==> contigs

2026-05-11 11:27:29
Running Basic statistics processor...
  Contig files: 
    1  efaecium.contigs
    2  contigs
  Calculating N50 and L50...
    1  efaecium.contigs, N50 = 2763566, L50 = 1, auN = 2451863.9, Total length = 3135564, GC % = 37.79, # N's per 100 kbp =  0.00
    2  contigs, N50 = 390024, L50 = 3, auN = 406889.9, Total length = 3136237, GC % = 37.70, # N's per 100 kbp =  0.00
  Drawing Nx plot...
    saved to /home/padi4950/uppmax/efaecium_E745/results/quast/illumina/basic_stats/Nx_plot.pdf
  Drawing cumulative plot...
    saved to /home/padi4950/uppmax/efaecium_E745/results/quast/illumina/basic_stats/cumulative_plot.pdf
  Drawing GC content plot...
    saved to /home/padi4950/uppmax/efaecium_E745/results/quast/illumina/basic_stats/GC_content_plot.pdf
  Drawing efaecium.contigs GC content plot...
    saved to /home/padi4950/uppmax/efaecium_E745/results/quast/illumina/basic_stats/efaecium.contigs_GC_content_plot.pdf
  Drawing contigs GC content plot...
    saved to /home/padi4950/uppmax/efaecium_E745/results/quast/illumina/basic_stats/contigs_GC_content_plot.pdf
  Drawing Coverage histogram (bin size: 2x)...
    saved to /home/padi4950/uppmax/efaecium_E745/results/quast/illumina/basic_stats/coverage_histogram.pdf
  Drawing contigs coverage histogram (bin size: 2x)...
    saved to /home/padi4950/uppmax/efaecium_E745/results/quast/illumina/basic_stats/contigs_coverage_histogram.pdf
Done.

NOTICE: Genes are not predicted by default. Use --gene-finding or --glimmer option to enable it.

2026-05-11 11:27:37
Creating large visual summaries...
This may take a while: press Ctrl-C to skip this step..
  1 of 2: Creating PDF with all tables and plots...
  2 of 2: Creating Icarus viewers...
Done

2026-05-11 11:27:38
RESULTS:
  Text versions of total report are saved to /home/padi4950/uppmax/efaecium_E745/results/quast/illumina/report.txt, report.tsv, and report.tex
  Text versions of transposed total report are saved to /home/padi4950/uppmax/efaecium_E745/results/quast/illumina/transposed_report.txt, transposed_report.tsv, and transposed_report.tex
  HTML version (interactive tables and plots) is saved to /home/padi4950/uppmax/efaecium_E745/results/quast/illumina/report.html
  PDF version (tables and plots) is saved to /home/padi4950/uppmax/efaecium_E745/results/quast/illumina/report.pdf
  Icarus (contig browser) is saved to /home/padi4950/uppmax/efaecium_E745/results/quast/illumina/icarus.html
  Log is saved to /home/padi4950/uppmax/efaecium_E745/results/quast/illumina/quast.log

Finished: 2026-05-11 11:27:38
Elapsed time: 0:00:23.811381
NOTICEs: 2; WARNINGs: 0; non-fatal ERRORs: 0

Thank you for using QUAST!
